<?xml version="1.0" encoding="UTF-8"?>
<!-- Generated by org.testng.reporters.JUnitReportReporter -->
<testsuite skipped="0" hostname="DESKTOP-K2HLBBH" name="com.bing.qa.testcases.HomePageTest" tests="1" failures="0" timestamp="2020-05-19T23:07:35 IST" time="13.909" errors="0">
  <testcase name="HomePage_Test" time="13.909" classname="com.bing.qa.testcases.HomePageTest"/>
  <system-out/>
</testsuite> <!-- com.bing.qa.testcases.HomePageTest -->
