<?xml version="1.0" encoding="UTF-8"?>
<!-- Generated by org.testng.reporters.JUnitReportReporter -->
<testsuite skipped="0" hostname="DESKTOP-K2HLBBH" name="com.bing.qa.testcases.HomePageTest" tests="1" failures="0" timestamp="2020-09-10T16:42:28 IST" time="9.990" errors="0">
  <testcase name="HomePage_Test" time="9.990" classname="com.bing.qa.testcases.HomePageTest"/>
  <system-out/>
</testsuite> <!-- com.bing.qa.testcases.HomePageTest -->
