<?xml version="1.0" encoding="UTF-8"?>
<!-- Generated by org.testng.reporters.JUnitReportReporter -->
<testsuite skipped="0" hostname="DESKTOP-K2HLBBH" name="com.bing.qa.testcases.LoginPageTest" tests="1" failures="0" timestamp="2020-09-10T16:44:00 IST" time="33.696" errors="0">
  <testcase name="LoginTest" time="33.696" classname="com.bing.qa.testcases.LoginPageTest"/>
  <system-out/>
</testsuite> <!-- com.bing.qa.testcases.LoginPageTest -->
